<?xml version="1.0" encoding="UTF-8"?>
<robot generator="Robot 5.0.1 (Python 3.10.4 on win32)" generated="20220725 13:00:07.892" rpa="false" schemaversion="3">
<suite id="s1" name="Readpythoninrobot" source="C:\Users\00005860\Desktop\ROBOT_BATCH_2\testscripts\readpythoninrobot.robot">
<kw name="readXML" type="SETUP">
<kw name="Resd XML As Per Node" library="reusable">
<var>${chrome_path}</var>
<arg>chromepath</arg>
<msg timestamp="20220725 13:00:08.551" level="INFO">${chrome_path} = C://Users/00005860/Downloads/chromedriver_win32/chromedriver.exe</msg>
<status status="PASS" starttime="20220725 13:00:08.542" endtime="20220725 13:00:08.551"/>
</kw>
<kw name="Set Global Variable" library="BuiltIn">
<arg>${chrome_path}</arg>
<doc>Makes a variable available globally in all tests and suites.</doc>
<msg timestamp="20220725 13:00:08.552" level="INFO">${chrome_path} = C://Users/00005860/Downloads/chromedriver_win32/chromedriver.exe</msg>
<status status="PASS" starttime="20220725 13:00:08.551" endtime="20220725 13:00:08.552"/>
</kw>
<kw name="Resd XML As Per Node" library="reusable">
<var>${application_path}</var>
<arg>applicationURL_cub</arg>
<msg timestamp="20220725 13:00:08.554" level="INFO">${application_path} = https://kubernetes.io/</msg>
<status status="PASS" starttime="20220725 13:00:08.552" endtime="20220725 13:00:08.554"/>
</kw>
<kw name="Set Global Variable" library="BuiltIn">
<arg>${application_path}</arg>
<doc>Makes a variable available globally in all tests and suites.</doc>
<msg timestamp="20220725 13:00:08.555" level="INFO">${application_path} = https://kubernetes.io/</msg>
<status status="PASS" starttime="20220725 13:00:08.555" endtime="20220725 13:00:08.555"/>
</kw>
<status status="PASS" starttime="20220725 13:00:08.541" endtime="20220725 13:00:08.556"/>
</kw>
<test id="s1-t1" name="TC_01" line="16">
<kw name="Open Browser" library="SeleniumLibrary">
<arg>${application_path}</arg>
<arg>${browser}</arg>
<doc>Opens a new browser instance to the optional ``url``.</doc>
<msg timestamp="20220725 13:00:08.559" level="INFO">Opening browser 'chrome' to base url 'https://kubernetes.io/'.</msg>
<status status="PASS" starttime="20220725 13:00:08.559" endtime="20220725 13:00:13.203"/>
</kw>
<kw name="Maximize Browser Window" library="SeleniumLibrary">
<doc>Maximizes current browser window.</doc>
<status status="PASS" starttime="20220725 13:00:13.204" endtime="20220725 13:00:13.333"/>
</kw>
<status status="PASS" starttime="20220725 13:00:08.556" endtime="20220725 13:00:13.335"/>
</test>
<kw name="Close All Browsers" library="SeleniumLibrary" type="TEARDOWN">
<doc>Closes all open browsers and resets the browser cache.</doc>
<status status="PASS" starttime="20220725 13:00:13.338" endtime="20220725 13:00:15.612"/>
</kw>
<status status="PASS" starttime="20220725 13:00:07.901" endtime="20220725 13:00:15.612"/>
</suite>
<statistics>
<total>
<stat pass="1" fail="0" skip="0">All Tests</stat>
</total>
<tag>
</tag>
<suite>
<stat pass="1" fail="0" skip="0" id="s1" name="Readpythoninrobot">Readpythoninrobot</stat>
</suite>
</statistics>
<errors>
</errors>
</robot>
